This file contains any messages produced by compilers while
running configure, to aid debugging if configure makes a mistake.

It was created by GEMTools configure 1.0, which was
generated by GNU Autoconf 2.69.  Invocation command line was

  $ ./configure 

## --------- ##
## Platform. ##
## --------- ##

hostname = loki.ti00a1.pcb.ub.es
uname -m = x86_64
uname -r = 12.4.0
uname -s = Darwin
uname -v = Darwin Kernel Version 12.4.0: Wed May  1 17:57:12 PDT 2013; root:xnu-2050.24.15~1/RELEASE_X86_64

/usr/bin/uname -p = i386
/bin/uname -X     = unknown

/bin/arch              = unknown
/usr/bin/arch -k       = unknown
/usr/convex/getsysinfo = unknown
/usr/bin/hostinfo      = Mach kernel version:
	 Darwin Kernel Version 12.4.0: Wed May  1 17:57:12 PDT 2013; root:xnu-2050.24.15~1/RELEASE_X86_64
Kernel configured for up to 4 processors.
2 processors are physically available.
4 processors are logically available.
Processor type: i486 (Intel 80486)
Processors active: 0 1 2 3
Primary memory available: 8.00 gigabytes
Default processor set: 140 tasks, 798 threads, 4 processors
Load average: 0.81, Mach factor: 3.18
/bin/machine           = unknown
/usr/bin/oslevel       = unknown
/bin/universe          = unknown

PATH: /opt/local/bin
PATH: /opt/local/sbin
PATH: /Users/heath/bin
PATH: /Users/heath/xcode/loki/build/Deployment
PATH: /usr/bin
PATH: /bin
PATH: /usr/sbin
PATH: /sbin
PATH: /usr/local/bin
PATH: /opt/X11/bin
PATH: /usr/texbin
PATH: /Developer/usr/bin
PATH: /sw/bin
PATH: /usr/X11R6/bin
PATH: /opt/local/bin
PATH: /usr/local/bin
PATH: /usr/local/BerkeleyDB.4.7/bin


## ----------- ##
## Core tests. ##
## ----------- ##

configure:2063: checking for gcc
configure:2079: found /usr/bin/gcc
configure:2090: result: gcc
configure:2319: checking for C compiler version
configure:2328: gcc --version >&5
i686-apple-darwin11-llvm-gcc-4.2 (GCC) 4.2.1 (Based on Apple Inc. build 5658) (LLVM build 2336.11.00)
Copyright (C) 2007 Free Software Foundation, Inc.
This is free software; see the source for copying conditions.  There is NO
warranty; not even for MERCHANTABILITY or FITNESS FOR A PARTICULAR PURPOSE.

configure:2339: $? = 0
configure:2328: gcc -v >&5
Using built-in specs.
Target: i686-apple-darwin11
Configured with: /private/var/tmp/llvmgcc42/llvmgcc42-2336.11~28/src/configure --disable-checking --enable-werror --prefix=/Applications/Xcode.app/Contents/Developer/usr/llvm-gcc-4.2 --mandir=/share/man --enable-languages=c,objc,c++,obj-c++ --program-prefix=llvm- --program-transform-name=/^[cg][^.-]*$/s/$/-4.2/ --with-slibdir=/usr/lib --build=i686-apple-darwin11 --enable-llvm=/private/var/tmp/llvmgcc42/llvmgcc42-2336.11~28/dst-llvmCore/Developer/usr/local --program-prefix=i686-apple-darwin11- --host=x86_64-apple-darwin11 --target=i686-apple-darwin11 --with-gxx-include-dir=/usr/include/c++/4.2.1
Thread model: posix
gcc version 4.2.1 (Based on Apple Inc. build 5658) (LLVM build 2336.11.00)
configure:2339: $? = 0
configure:2328: gcc -V >&5
llvm-gcc-4.2: argument to `-V' is missing
configure:2339: $? = 1
configure:2328: gcc -qversion >&5
i686-apple-darwin11-llvm-gcc-4.2: no input files
configure:2339: $? = 1
configure:2359: checking whether the C compiler works
configure:2381: gcc    conftest.c  >&5
configure:2385: $? = 0
configure:2433: result: yes
configure:2436: checking for C compiler default output file name
configure:2438: result: a.out
configure:2444: checking for suffix of executables
configure:2451: gcc -o conftest    conftest.c  >&5
configure:2455: $? = 0
configure:2477: result: 
configure:2499: checking whether we are cross compiling
configure:2507: gcc -o conftest    conftest.c  >&5
configure:2511: $? = 0
configure:2518: ./conftest
configure:2522: $? = 0
configure:2537: result: no
configure:2542: checking for suffix of object files
configure:2564: gcc -c   conftest.c >&5
configure:2568: $? = 0
configure:2589: result: o
configure:2593: checking whether we are using the GNU C compiler
configure:2612: gcc -c   conftest.c >&5
configure:2612: $? = 0
configure:2621: result: yes
configure:2630: checking whether gcc accepts -g
configure:2650: gcc -c -g  conftest.c >&5
configure:2650: $? = 0
configure:2691: result: yes
configure:2708: checking for gcc option to accept ISO C89
configure:2771: gcc  -c -g -O2  conftest.c >&5
configure:2771: $? = 0
configure:2784: result: none needed
configure:2805: checking for gzopen in -lz
configure:2830: gcc -o conftest -g -O2   conftest.c -lz   >&5
configure:2830: $? = 0
configure:2839: result: yes
configure:2846: checking for BZ2_bzReadOpen in -lbz2
configure:2871: gcc -o conftest -g -O2   conftest.c -lbz2   >&5
configure:2871: $? = 0
configure:2880: result: yes
configure:2893: checking how to run the C preprocessor
configure:2924: gcc -E  conftest.c
configure:2924: $? = 0
configure:2938: gcc -E  conftest.c
conftest.c:9:28: error: ac_nonexistent.h: No such file or directory
configure:2938: $? = 1
configure: failed program was:
| /* confdefs.h */
| #define PACKAGE_NAME "GEMTools"
| #define PACKAGE_TARNAME "gemtools"
| #define PACKAGE_VERSION "1.0"
| #define PACKAGE_STRING "GEMTools 1.0"
| #define PACKAGE_BUGREPORT ""
| #define PACKAGE_URL ""
| /* end confdefs.h.  */
| #include <ac_nonexistent.h>
configure:2963: result: gcc -E
configure:2983: gcc -E  conftest.c
configure:2983: $? = 0
configure:2997: gcc -E  conftest.c
conftest.c:9:28: error: ac_nonexistent.h: No such file or directory
configure:2997: $? = 1
configure: failed program was:
| /* confdefs.h */
| #define PACKAGE_NAME "GEMTools"
| #define PACKAGE_TARNAME "gemtools"
| #define PACKAGE_VERSION "1.0"
| #define PACKAGE_STRING "GEMTools 1.0"
| #define PACKAGE_BUGREPORT ""
| #define PACKAGE_URL ""
| /* end confdefs.h.  */
| #include <ac_nonexistent.h>
configure:3026: checking for grep that handles long lines and -e
configure:3084: result: /usr/bin/grep
configure:3089: checking for egrep
configure:3151: result: /usr/bin/grep -E
configure:3156: checking for ANSI C header files
configure:3176: gcc -c -g -O2  conftest.c >&5
configure:3176: $? = 0
configure:3249: gcc -o conftest -g -O2   conftest.c  >&5
configure:3249: $? = 0
configure:3249: ./conftest
configure:3249: $? = 0
configure:3260: result: yes
configure:3273: checking for sys/types.h
configure:3273: gcc -c -g -O2  conftest.c >&5
configure:3273: $? = 0
configure:3273: result: yes
configure:3273: checking for sys/stat.h
configure:3273: gcc -c -g -O2  conftest.c >&5
configure:3273: $? = 0
configure:3273: result: yes
configure:3273: checking for stdlib.h
configure:3273: gcc -c -g -O2  conftest.c >&5
configure:3273: $? = 0
configure:3273: result: yes
configure:3273: checking for string.h
configure:3273: gcc -c -g -O2  conftest.c >&5
configure:3273: $? = 0
configure:3273: result: yes
configure:3273: checking for memory.h
configure:3273: gcc -c -g -O2  conftest.c >&5
configure:3273: $? = 0
configure:3273: result: yes
configure:3273: checking for strings.h
configure:3273: gcc -c -g -O2  conftest.c >&5
configure:3273: $? = 0
configure:3273: result: yes
configure:3273: checking for inttypes.h
configure:3273: gcc -c -g -O2  conftest.c >&5
configure:3273: $? = 0
configure:3273: result: yes
configure:3273: checking for stdint.h
configure:3273: gcc -c -g -O2  conftest.c >&5
configure:3273: $? = 0
configure:3273: result: yes
configure:3273: checking for unistd.h
configure:3273: gcc -c -g -O2  conftest.c >&5
configure:3273: $? = 0
configure:3273: result: yes
configure:3287: checking omp.h usability
configure:3287: gcc -c -g -O2  conftest.c >&5
configure:3287: $? = 0
configure:3287: result: yes
configure:3287: checking omp.h presence
configure:3287: gcc -E  conftest.c
configure:3287: $? = 0
configure:3287: result: yes
configure:3287: checking for omp.h
configure:3287: result: yes
configure:3451: creating ./config.status

## ---------------------- ##
## Running config.status. ##
## ---------------------- ##

This file was extended by GEMTools config.status 1.0, which was
generated by GNU Autoconf 2.69.  Invocation command line was

  CONFIG_FILES    = 
  CONFIG_HEADERS  = 
  CONFIG_LINKS    = 
  CONFIG_COMMANDS = 
  $ ./config.status 

on loki.ti00a1.pcb.ub.es

config.status:726: creating Makefile.mk

## ---------------- ##
## Cache variables. ##
## ---------------- ##

ac_cv_c_compiler_gnu=yes
ac_cv_env_CC_set=
ac_cv_env_CC_value=
ac_cv_env_CFLAGS_set=
ac_cv_env_CFLAGS_value=
ac_cv_env_CPPFLAGS_set=
ac_cv_env_CPPFLAGS_value=
ac_cv_env_CPP_set=
ac_cv_env_CPP_value=
ac_cv_env_LDFLAGS_set=
ac_cv_env_LDFLAGS_value=
ac_cv_env_LIBS_set=
ac_cv_env_LIBS_value=
ac_cv_env_build_alias_set=
ac_cv_env_build_alias_value=
ac_cv_env_host_alias_set=
ac_cv_env_host_alias_value=
ac_cv_env_target_alias_set=
ac_cv_env_target_alias_value=
ac_cv_header_inttypes_h=yes
ac_cv_header_memory_h=yes
ac_cv_header_omp_h=yes
ac_cv_header_stdc=yes
ac_cv_header_stdint_h=yes
ac_cv_header_stdlib_h=yes
ac_cv_header_string_h=yes
ac_cv_header_strings_h=yes
ac_cv_header_sys_stat_h=yes
ac_cv_header_sys_types_h=yes
ac_cv_header_unistd_h=yes
ac_cv_lib_bz2_BZ2_bzReadOpen=yes
ac_cv_lib_z_gzopen=yes
ac_cv_objext=o
ac_cv_path_EGREP='/usr/bin/grep -E'
ac_cv_path_GREP=/usr/bin/grep
ac_cv_prog_CPP='gcc -E'
ac_cv_prog_ac_ct_CC=gcc
ac_cv_prog_cc_c89=
ac_cv_prog_cc_g=yes

## ----------------- ##
## Output variables. ##
## ----------------- ##

CC='gcc'
CFLAGS='-g -O2'
CPP='gcc -E'
CPPFLAGS=''
DEFS='-DPACKAGE_NAME=\"GEMTools\" -DPACKAGE_TARNAME=\"gemtools\" -DPACKAGE_VERSION=\"1.0\" -DPACKAGE_STRING=\"GEMTools\ 1.0\" -DPACKAGE_BUGREPORT=\"\" -DPACKAGE_URL=\"\" -DSTDC_HEADERS=1 -DHAVE_SYS_TYPES_H=1 -DHAVE_SYS_STAT_H=1 -DHAVE_STDLIB_H=1 -DHAVE_STRING_H=1 -DHAVE_MEMORY_H=1 -DHAVE_STRINGS_H=1 -DHAVE_INTTYPES_H=1 -DHAVE_STDINT_H=1 -DHAVE_UNISTD_H=1 -DHAVE_OMP_H=1'
ECHO_C='\c'
ECHO_N=''
ECHO_T=''
EGREP='/usr/bin/grep -E'
EXEEXT=''
GREP='/usr/bin/grep'
HAVE_BZLIB='1'
HAVE_OPENMP='1'
HAVE_ZLIB='1'
LDFLAGS=''
LIBOBJS=''
LIBS=''
LTLIBOBJS=''
OBJEXT='o'
PACKAGE_BUGREPORT=''
PACKAGE_NAME='GEMTools'
PACKAGE_STRING='GEMTools 1.0'
PACKAGE_TARNAME='gemtools'
PACKAGE_URL=''
PACKAGE_VERSION='1.0'
PATH_SEPARATOR=':'
SHELL='/bin/sh'
ac_ct_CC='gcc'
bindir='${exec_prefix}/bin'
build_alias=''
datadir='${datarootdir}'
datarootdir='${prefix}/share'
docdir='${datarootdir}/doc/${PACKAGE_TARNAME}'
dvidir='${docdir}'
exec_prefix='${prefix}'
host_alias=''
htmldir='${docdir}'
includedir='${prefix}/include'
infodir='${datarootdir}/info'
libdir='${exec_prefix}/lib'
libexecdir='${exec_prefix}/libexec'
localedir='${datarootdir}/locale'
localstatedir='${prefix}/var'
mandir='${datarootdir}/man'
oldincludedir='/usr/include'
pdfdir='${docdir}'
prefix='/usr/local'
program_transform_name='s,x,x,'
psdir='${docdir}'
sbindir='${exec_prefix}/sbin'
sharedstatedir='${prefix}/com'
sysconfdir='${prefix}/etc'
target_alias=''

## ----------- ##
## confdefs.h. ##
## ----------- ##

/* confdefs.h */
#define PACKAGE_NAME "GEMTools"
#define PACKAGE_TARNAME "gemtools"
#define PACKAGE_VERSION "1.0"
#define PACKAGE_STRING "GEMTools 1.0"
#define PACKAGE_BUGREPORT ""
#define PACKAGE_URL ""
#define STDC_HEADERS 1
#define HAVE_SYS_TYPES_H 1
#define HAVE_SYS_STAT_H 1
#define HAVE_STDLIB_H 1
#define HAVE_STRING_H 1
#define HAVE_MEMORY_H 1
#define HAVE_STRINGS_H 1
#define HAVE_INTTYPES_H 1
#define HAVE_STDINT_H 1
#define HAVE_UNISTD_H 1
#define HAVE_OMP_H 1

configure: exit 0
